[debug] [2024-10-18T22:16:08.568Z] ----------------------------------------------------------------------
[debug] [2024-10-18T22:16:08.570Z] Command:       C:\Program Files\nodejs\node.exe C:\Users\user\AppData\Roaming\npm\node_modules\firebase-tools\lib\bin\firebase.js init
[debug] [2024-10-18T22:16:08.571Z] CLI Version:   13.22.1
[debug] [2024-10-18T22:16:08.571Z] Platform:      win32
[debug] [2024-10-18T22:16:08.571Z] Node Version:  v20.17.0
[debug] [2024-10-18T22:16:08.571Z] Time:          Sat Oct 19 2024 03:16:08 GMT+0500 (Западный Казахстан)
[debug] [2024-10-18T22:16:08.571Z] ----------------------------------------------------------------------
[debug] 
[debug] [2024-10-18T22:16:08.575Z] > command requires scopes: ["email","openid","https://www.googleapis.com/auth/cloudplatformprojects.readonly","https://www.googleapis.com/auth/firebase","https://www.googleapis.com/auth/cloud-platform"]
[debug] [2024-10-18T22:16:08.576Z] > authorizing via signed-in user (nurdamiron@gmail.com)
[info] 
     ######## #### ########  ######## ########     ###     ######  ########
     ##        ##  ##     ## ##       ##     ##  ##   ##  ##       ##
     ######    ##  ########  ######   ########  #########  ######  ######
     ##        ##  ##    ##  ##       ##     ## ##     ##       ## ##
     ##       #### ##     ## ######## ########  ##     ##  ######  ########

You're about to initialize a Firebase project in this directory:

  C:\Users\user\Desktop\vending-machine-dashboard

[info] 
=== Project Setup
[info] 
[info] First, let's associate this project directory with a Firebase project.
[info] You can create multiple project aliases by running firebase use --add, 
[info] but for now we'll just set up a default project.
[info] 
[debug] [2024-10-18T22:16:22.208Z] Checked if tokens are valid: true, expires at: 1729292700276
[debug] [2024-10-18T22:16:22.208Z] Checked if tokens are valid: true, expires at: 1729292700276
[debug] [2024-10-18T22:16:22.209Z] >>> [apiv2][query] GET https://firebase.googleapis.com/v1beta1/projects pageSize=100
[debug] [2024-10-18T22:16:22.963Z] <<< [apiv2][status] GET https://firebase.googleapis.com/v1beta1/projects 200
[debug] [2024-10-18T22:16:22.963Z] <<< [apiv2][body] GET https://firebase.googleapis.com/v1beta1/projects [omitted]
[info] i  Using project clean-point-ala (clean-point) 
[info] 
=== Firestore Setup
[debug] [2024-10-18T22:16:23.870Z] Checked if tokens are valid: true, expires at: 1729292700276
[debug] [2024-10-18T22:16:23.871Z] Checked if tokens are valid: true, expires at: 1729292700276
[debug] [2024-10-18T22:16:23.871Z] >>> [apiv2][query] GET https://serviceusage.googleapis.com/v1/projects/clean-point-ala/services/firestore.googleapis.com [none]
[debug] [2024-10-18T22:16:23.871Z] >>> [apiv2][(partial)header] GET https://serviceusage.googleapis.com/v1/projects/clean-point-ala/services/firestore.googleapis.com x-goog-quota-user=projects/clean-point-ala
[debug] [2024-10-18T22:16:25.054Z] <<< [apiv2][status] GET https://serviceusage.googleapis.com/v1/projects/clean-point-ala/services/firestore.googleapis.com 200
[debug] [2024-10-18T22:16:25.054Z] <<< [apiv2][body] GET https://serviceusage.googleapis.com/v1/projects/clean-point-ala/services/firestore.googleapis.com [omitted]
[debug] [2024-10-18T22:16:25.054Z] Checked if tokens are valid: true, expires at: 1729292700276
[debug] [2024-10-18T22:16:25.054Z] Checked if tokens are valid: true, expires at: 1729292700276
[debug] [2024-10-18T22:16:25.054Z] >>> [apiv2][query] GET https://firestore.googleapis.com/v1/projects/clean-point-ala/databases/(default) [none]
[debug] [2024-10-18T22:16:26.154Z] <<< [apiv2][status] GET https://firestore.googleapis.com/v1/projects/clean-point-ala/databases/(default) 200
[debug] [2024-10-18T22:16:26.154Z] <<< [apiv2][body] GET https://firestore.googleapis.com/v1/projects/clean-point-ala/databases/(default) {"name":"projects/clean-point-ala/databases/(default)","uid":"fca8ce12-6489-4408-b31a-0e2ef82a9312","createTime":"2024-10-18T22:15:46.764310Z","updateTime":"2024-10-18T22:15:46.764310Z","locationId":"nam5","type":"FIRESTORE_NATIVE","concurrencyMode":"PESSIMISTIC","versionRetentionPeriod":"3600s","earliestVersionTime":"2024-10-18T22:15:46.764310Z","appEngineIntegrationMode":"DISABLED","keyPrefix":"s","pointInTimeRecoveryEnablement":"POINT_IN_TIME_RECOVERY_DISABLED","deleteProtectionState":"DELETE_PROTECTION_DISABLED","etag":"IJS47rv6mIkDMJakx6j6mIkD"}
[debug] [2024-10-18T22:16:26.154Z] database_type: FIRESTORE_NATIVE
[debug] [2024-10-18T22:16:26.154Z] database_type: FIRESTORE_NATIVE
[debug] [2024-10-18T22:16:26.155Z] > command requires scopes: ["email","openid","https://www.googleapis.com/auth/cloudplatformprojects.readonly","https://www.googleapis.com/auth/firebase","https://www.googleapis.com/auth/cloud-platform"]
[debug] [2024-10-18T22:16:26.155Z] > authorizing via signed-in user (nurdamiron@gmail.com)
[debug] [2024-10-18T22:16:26.155Z] [iam] checking project clean-point-ala for permissions ["firebase.projects.get"]
[debug] [2024-10-18T22:16:26.156Z] Checked if tokens are valid: true, expires at: 1729292700276
[debug] [2024-10-18T22:16:26.156Z] Checked if tokens are valid: true, expires at: 1729292700276
[debug] [2024-10-18T22:16:26.156Z] >>> [apiv2][query] POST https://cloudresourcemanager.googleapis.com/v1/projects/clean-point-ala:testIamPermissions [none]
[debug] [2024-10-18T22:16:26.156Z] >>> [apiv2][(partial)header] POST https://cloudresourcemanager.googleapis.com/v1/projects/clean-point-ala:testIamPermissions x-goog-quota-user=projects/clean-point-ala
[debug] [2024-10-18T22:16:26.156Z] >>> [apiv2][body] POST https://cloudresourcemanager.googleapis.com/v1/projects/clean-point-ala:testIamPermissions {"permissions":["firebase.projects.get"]}
[debug] [2024-10-18T22:16:27.201Z] <<< [apiv2][status] POST https://cloudresourcemanager.googleapis.com/v1/projects/clean-point-ala:testIamPermissions 200
[debug] [2024-10-18T22:16:27.201Z] <<< [apiv2][body] POST https://cloudresourcemanager.googleapis.com/v1/projects/clean-point-ala:testIamPermissions {"permissions":["firebase.projects.get"]}
[info] 
[info] Firestore Security Rules allow you to define how and when to allow
[info] requests. You can keep these rules in your project directory
[info] and publish them with firebase deploy.
[info] 
[debug] [2024-10-18T22:16:32.328Z] Checked if tokens are valid: true, expires at: 1729292700276
[debug] [2024-10-18T22:16:32.328Z] Checked if tokens are valid: true, expires at: 1729292700276
[debug] [2024-10-18T22:16:32.328Z] >>> [apiv2][query] GET https://firebaserules.googleapis.com/v1/projects/clean-point-ala/releases pageSize=10&pageToken=
[debug] [2024-10-18T22:16:33.505Z] <<< [apiv2][status] GET https://firebaserules.googleapis.com/v1/projects/clean-point-ala/releases 200
[debug] [2024-10-18T22:16:33.505Z] <<< [apiv2][body] GET https://firebaserules.googleapis.com/v1/projects/clean-point-ala/releases {"releases":[{"name":"projects/clean-point-ala/releases/cloud.firestore","rulesetName":"projects/clean-point-ala/rulesets/86faaa57-dbdf-40a9-985b-60bdb763a82d","createTime":"2024-10-18T22:15:58.112755Z","updateTime":"2024-10-18T22:15:58.112755Z"}]}
[debug] [2024-10-18T22:16:33.505Z] Found ruleset: projects/clean-point-ala/rulesets/86faaa57-dbdf-40a9-985b-60bdb763a82d
[debug] [2024-10-18T22:16:33.505Z] Checked if tokens are valid: true, expires at: 1729292700276
[debug] [2024-10-18T22:16:33.506Z] Checked if tokens are valid: true, expires at: 1729292700276
[debug] [2024-10-18T22:16:33.506Z] >>> [apiv2][query] GET https://firebaserules.googleapis.com/v1/projects/clean-point-ala/rulesets/86faaa57-dbdf-40a9-985b-60bdb763a82d [none]
[debug] [2024-10-18T22:16:34.325Z] <<< [apiv2][status] GET https://firebaserules.googleapis.com/v1/projects/clean-point-ala/rulesets/86faaa57-dbdf-40a9-985b-60bdb763a82d 200
[debug] [2024-10-18T22:16:34.325Z] <<< [apiv2][body] GET https://firebaserules.googleapis.com/v1/projects/clean-point-ala/rulesets/86faaa57-dbdf-40a9-985b-60bdb763a82d [omitted]
[info] 
[info] Firestore indexes allow you to perform complex queries while
[info] maintaining performance that scales with the size of the result
[info] set. You can keep index definitions in your project directory
[info] and publish them with firebase deploy.
[info] 
[debug] [2024-10-18T22:16:35.985Z] Checked if tokens are valid: true, expires at: 1729292700276
[debug] [2024-10-18T22:16:35.986Z] Checked if tokens are valid: true, expires at: 1729292700276
[debug] [2024-10-18T22:16:35.986Z] Checked if tokens are valid: true, expires at: 1729292700276
[debug] [2024-10-18T22:16:35.986Z] Checked if tokens are valid: true, expires at: 1729292700276
[debug] [2024-10-18T22:16:35.986Z] >>> [apiv2][query] GET https://firestore.googleapis.com/v1/projects/clean-point-ala/databases/(default)/collectionGroups/-/indexes [none]
[debug] [2024-10-18T22:16:35.988Z] >>> [apiv2][query] GET https://firestore.googleapis.com/v1/projects/clean-point-ala/databases/(default)/collectionGroups/-/fields?filter=indexConfig.usesAncestorConfig=false OR ttlConfig:* [none]
[debug] [2024-10-18T22:16:37.091Z] <<< [apiv2][status] GET https://firestore.googleapis.com/v1/projects/clean-point-ala/databases/(default)/collectionGroups/-/indexes 200
[debug] [2024-10-18T22:16:37.091Z] <<< [apiv2][body] GET https://firestore.googleapis.com/v1/projects/clean-point-ala/databases/(default)/collectionGroups/-/indexes {}
[debug] [2024-10-18T22:16:38.071Z] <<< [apiv2][status] GET https://firestore.googleapis.com/v1/projects/clean-point-ala/databases/(default)/collectionGroups/-/fields?filter=indexConfig.usesAncestorConfig=false OR ttlConfig:* 200
[debug] [2024-10-18T22:16:38.071Z] <<< [apiv2][body] GET https://firestore.googleapis.com/v1/projects/clean-point-ala/databases/(default)/collectionGroups/-/fields?filter=indexConfig.usesAncestorConfig=false OR ttlConfig:* {"fields":[{"name":"projects/clean-point-ala/databases/(default)/collectionGroups/__default__/fields/*","indexConfig":{"indexes":[{"queryScope":"COLLECTION","fields":[{"fieldPath":"*","order":"ASCENDING"}],"state":"READY"},{"queryScope":"COLLECTION","fields":[{"fieldPath":"*","order":"DESCENDING"}],"state":"READY"},{"queryScope":"COLLECTION","fields":[{"fieldPath":"*","arrayConfig":"CONTAINS"}],"state":"READY"}]}}]}
[info] 
=== Hosting Setup
[debug] [2024-10-18T22:16:38.074Z] Checked if tokens are valid: true, expires at: 1729292700276
[debug] [2024-10-18T22:16:38.074Z] Checked if tokens are valid: true, expires at: 1729292700276
[debug] [2024-10-18T22:16:38.074Z] >>> [apiv2][query] GET https://firebase.googleapis.com/v1beta1/projects/clean-point-ala [none]
[debug] [2024-10-18T22:16:38.551Z] <<< [apiv2][status] GET https://firebase.googleapis.com/v1beta1/projects/clean-point-ala 200
[debug] [2024-10-18T22:16:38.552Z] <<< [apiv2][body] GET https://firebase.googleapis.com/v1beta1/projects/clean-point-ala {"projectId":"clean-point-ala","projectNumber":"163279299650","displayName":"clean-point","name":"projects/clean-point-ala","resources":{"hostingSite":"clean-point-ala"},"state":"ACTIVE","etag":"1_fb63e41b-f6bf-4772-9c13-b37e27f51239"}
[info] 
[info] Your public directory is the folder (relative to your project directory) that
[info] will contain Hosting assets to be uploaded with firebase deploy. If you
[info] have a build process for your assets, use your build's output directory.
[info] 
[debug] [2024-10-18T22:16:48.446Z] >>> [apiv2][query] GET https://www.gstatic.com/firebasejs/releases.json [none]
[debug] [2024-10-18T22:16:48.802Z] <<< [apiv2][status] GET https://www.gstatic.com/firebasejs/releases.json 200
[debug] [2024-10-18T22:16:48.802Z] <<< [apiv2][body] GET https://www.gstatic.com/firebasejs/releases.json {"current":{"version":"10.14.1","browserURL":"https://www.gstatic.com/firebasejs/10.14.1/firebase.js","packageURL":"https://www.gstatic.com/firebasejs/10.14.1/firebase.tgz"},"live":{"version":"10.14","browserURL":"https://www.gstatic.com/firebasejs/live/10.14/firebase.js","packageURL":"https://www.gstatic.com/firebasejs/live/10.14/firebase.tgz"},"components":{"analytics":"https://www.gstatic.com/firebasejs/10.14.1/firebase-analytics.js","app":"https://www.gstatic.com/firebasejs/10.14.1/firebase-app.js","app-check":"https://www.gstatic.com/firebasejs/10.14.1/firebase-app-check.js","auth":"https://www.gstatic.com/firebasejs/10.14.1/firebase-auth.js","auth/cordova":"https://www.gstatic.com/firebasejs/10.14.1/firebase-auth/cordova.js","auth/web-extension":"https://www.gstatic.com/firebasejs/10.14.1/firebase-auth/web-extension.js","functions":"https://www.gstatic.com/firebasejs/10.14.1/firebase-functions.js","firestore":"https://www.gstatic.com/firebasejs/10.14.1/firebase-firestore.js","firestore/lite":"https://www.gstatic.com/firebasejs/10.14.1/firebase-firestore/lite.js","installations":"https://www.gstatic.com/firebasejs/10.14.1/firebase-installations.js","storage":"https://www.gstatic.com/firebasejs/10.14.1/firebase-storage.js","performance":"https://www.gstatic.com/firebasejs/10.14.1/firebase-performance.js","remote-config":"https://www.gstatic.com/firebasejs/10.14.1/firebase-remote-config.js","messaging":"https://www.gstatic.com/firebasejs/10.14.1/firebase-messaging.js","messaging/sw":"https://www.gstatic.com/firebasejs/10.14.1/firebase-messaging/sw.js","database":"https://www.gstatic.com/firebasejs/10.14.1/firebase-database.js","data-connect":"https://www.gstatic.com/firebasejs/10.14.1/firebase-data-connect.js","vertexai-preview":"https://www.gstatic.com/firebasejs/10.14.1/firebase-vertexai-preview.js","firestore.memory":"https://www.gstatic.com/firebasejs/10.14.1/firebase-firestore.memory.js"}}
[info] +  Wrote public/index.html 
[info] 
[info] i  Detected a .git folder at C:\Users\user\Desktop\vending-machine-dashboard 
[info] i  Authorizing with GitHub to upload your service account to a GitHub repository's secrets store. 
[info] 
[info] Visit this URL on this device to log in:
[info] https://github.com/login/oauth/authorize?client_id=89cf50f02ac6aaed3484&state=532685295&redirect_uri=http%3A%2F%2Flocalhost%3A9005&scope=read%3Auser%20repo%20public_repo
[info] 
[info] Waiting for authentication...
[debug] [2024-10-18T22:16:59.604Z] >>> [apiv2][query] POST https://github.com/login/oauth/access_token [none]
[debug] [2024-10-18T22:16:59.604Z] >>> [apiv2][body] POST https://github.com/login/oauth/access_token [stream]
[debug] [2024-10-18T22:17:00.243Z] <<< [apiv2][status] POST https://github.com/login/oauth/access_token 200
[debug] [2024-10-18T22:17:00.243Z] <<< [apiv2][body] POST https://github.com/login/oauth/access_token {"access_token":"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","token_type":"bearer","scope":"read:user,repo"}
[debug] [2024-10-18T22:17:00.246Z] >>> [apiv2][query] GET https://api.github.com/user [none]
[debug] [2024-10-18T22:17:01.088Z] <<< [apiv2][status] GET https://api.github.com/user 200
[debug] [2024-10-18T22:17:01.088Z] <<< [apiv2][body] GET https://api.github.com/user {"login":"nurdamiron","id":70795559,"node_id":"MDQ6VXNlcjcwNzk1NTU5","avatar_url":"https://avatars.githubusercontent.com/u/70795559?v=4","gravatar_id":"","url":"https://api.github.com/users/nurdamiron","html_url":"https://github.com/nurdamiron","followers_url":"https://api.github.com/users/nurdamiron/followers","following_url":"https://api.github.com/users/nurdamiron/following{/other_user}","gists_url":"https://api.github.com/users/nurdamiron/gists{/gist_id}","starred_url":"https://api.github.com/users/nurdamiron/starred{/owner}{/repo}","subscriptions_url":"https://api.github.com/users/nurdamiron/subscriptions","organizations_url":"https://api.github.com/users/nurdamiron/orgs","repos_url":"https://api.github.com/users/nurdamiron/repos","events_url":"https://api.github.com/users/nurdamiron/events{/privacy}","received_events_url":"https://api.github.com/users/nurdamiron/received_events","type":"User","user_view_type":"private","site_admin":false,"name":"Nurdaulet Akhmatov","company":null,"blog":"","location":null,"email":null,"hireable":null,"bio":null,"twitter_username":null,"notification_email":null,"public_repos":64,"public_gists":1,"followers":7,"following":8,"created_at":"2020-09-05T07:31:06Z","updated_at":"2024-10-09T10:11:53Z","private_gists":1,"total_private_repos":22,"owned_private_repos":22,"disk_usage":302263,"collaborators":9,"two_factor_authentication":false,"plan":{"name":"free","space":976562499,"collaborators":0,"private_repos":10000}}
[info] 
[info] +  Success! Logged into GitHub as nurdamiron 
[info] 
[debug] [2024-10-18T22:17:05.473Z] >>> [apiv2][query] GET https://api.github.com/repos//actions/secrets/public-key type=owner
[debug] [2024-10-18T22:17:05.814Z] <<< [apiv2][status] GET https://api.github.com/repos//actions/secrets/public-key 404
[debug] [2024-10-18T22:17:05.814Z] <<< [apiv2][body] GET https://api.github.com/repos//actions/secrets/public-key {"message":"Not Found","documentation_url":"https://docs.github.com/rest","status":"404"}
[info] 
[info] 
[error] !  The provided authorization cannot be used with this repository. If this repository is in an organization, did you remember to grant access? 
[info] 
[info] i  Action required: Visit this URL to ensure access has been granted to the appropriate organization(s) for the Firebase CLI GitHub OAuth App: 
[info] https://github.com/settings/connections/applications/89cf50f02ac6aaed3484
[info] 
[debug] [2024-10-18T22:17:40.314Z] >>> [apiv2][query] GET https://api.github.com/repos//actions/secrets/public-key type=owner
[debug] [2024-10-18T22:17:40.818Z] <<< [apiv2][status] GET https://api.github.com/repos//actions/secrets/public-key 404
[debug] [2024-10-18T22:17:40.818Z] <<< [apiv2][body] GET https://api.github.com/repos//actions/secrets/public-key {"message":"Not Found","documentation_url":"https://docs.github.com/rest","status":"404"}
[info] 
[info] 
[error] !  The provided authorization cannot be used with this repository. If this repository is in an organization, did you remember to grant access? 
[info] 
[info] i  Action required: Visit this URL to ensure access has been granted to the appropriate organization(s) for the Firebase CLI GitHub OAuth App: 
[info] https://github.com/settings/connections/applications/89cf50f02ac6aaed3484
[info] 
[debug] [2024-10-18T22:17:41.734Z] >>> [apiv2][query] GET https://api.github.com/repos//actions/secrets/public-key type=owner
[debug] [2024-10-18T22:17:41.986Z] <<< [apiv2][status] GET https://api.github.com/repos//actions/secrets/public-key 404
[debug] [2024-10-18T22:17:41.986Z] <<< [apiv2][body] GET https://api.github.com/repos//actions/secrets/public-key {"message":"Not Found","documentation_url":"https://docs.github.com/rest","status":"404"}
[info] 
[info] 
[error] !  The provided authorization cannot be used with this repository. If this repository is in an organization, did you remember to grant access? 
[info] 
[info] i  Action required: Visit this URL to ensure access has been granted to the appropriate organization(s) for the Firebase CLI GitHub OAuth App: 
[info] https://github.com/settings/connections/applications/89cf50f02ac6aaed3484
[info] 
